SF:lib\common\response.dart
DA:8,1
DA:15,1
LF:2
LH:2
end_of_record
SF:lib\fitur_submit_properti\data\dto\daerah_dto.dart
DA:2,0
DA:3,0
DA:8,1
LF:3
LH:1
end_of_record
SF:lib\fitur_submit_properti\constant\enum\sewa_jual_enum.dart
DA:10,0
DA:11,0
LF:2
LH:0
end_of_record
SF:lib\fitur_submit_properti\domain\use_case\impl\empty_validation_use_case.dart
DA:2,1
DA:3,1
LF:2
LH:2
end_of_record
SF:lib\fitur_submit_properti\domain\use_case\impl\int_validation_use_case.dart
DA:2,1
DA:4,1
DA:6,1
LF:3
LH:3
end_of_record
SF:lib\fitur_submit_properti\domain\use_case\impl\null_validation_use_case.dart
DA:2,1
LF:1
LH:1
end_of_record
SF:lib\fitur_submit_properti\presentation\form_1\form_1_controller.dart
DA:25,1
DA:30,1
DA:35,0
DA:40,0
DA:43,0
DA:46,0
DA:49,0
DA:52,0
DA:55,0
DA:58,0
DA:61,0
DA:64,0
DA:67,0
DA:71,0
DA:72,0
DA:73,0
DA:74,0
DA:75,0
DA:78,0
DA:79,0
DA:80,0
DA:81,0
DA:84,0
DA:85,0
DA:86,0
DA:87,0
DA:90,0
DA:91,0
DA:92,0
DA:93,0
DA:94,0
DA:95,0
DA:96,0
DA:99,0
DA:100,0
DA:101,0
DA:102,0
DA:103,0
DA:104,0
DA:107,0
DA:108,0
DA:109,0
DA:110,0
DA:111,0
DA:114,0
DA:115,0
DA:116,0
DA:119,0
DA:120,0
DA:121,0
DA:122,0
DA:125,0
DA:126,0
DA:127,0
DA:129,0
DA:130,0
DA:131,0
DA:133,0
DA:134,0
DA:135,0
DA:137,0
DA:138,0
DA:139,0
DA:143,0
DA:144,0
DA:145,0
DA:147,1
DA:148,4
DA:150,1
DA:151,5
DA:152,4
DA:153,5
DA:154,1
DA:155,3
DA:156,1
DA:160,5
DA:161,4
DA:162,4
DA:163,4
DA:164,4
DA:166,1
DA:167,0
DA:170,1
DA:173,1
DA:174,1
DA:175,0
DA:176,0
DA:177,0
DA:178,0
DA:179,0
DA:180,0
DA:181,0
DA:182,0
DA:184,0
DA:201,0
DA:206,0
DA:211,0
DA:216,0
DA:221,0
DA:226,0
DA:231,0
LF:101
LH:20
end_of_record
SF:lib\fitur_submit_properti\presentation\sewa_jual\sewa_jual_controller.dart
DA:8,0
DA:9,0
DA:10,0
DA:13,0
DA:14,0
DA:15,0
LF:6
LH:0
end_of_record
SF:lib\fitur_submit_properti\constant\enum\fix_nego_enum.dart
DA:7,0
DA:8,0
LF:2
LH:0
end_of_record
SF:lib\fitur_submit_properti\constant\enum\tipe_properti_enum.dart
DA:12,0
DA:13,0
LF:2
LH:0
end_of_record
SF:lib\fitur_submit_properti\constant\enum\waktu_pembayaran_enum.dart
DA:7,0
DA:8,0
LF:2
LH:0
end_of_record
SF:lib\navigation\nav_route.dart
DA:10,0
DA:11,0
LF:2
LH:0
end_of_record
SF:lib\main.dart
DA:21,0
DA:22,0
DA:26,1
DA:29,0
DA:31,0
DA:33,0
DA:36,0
DA:38,0
DA:39,0
DA:41,0
DA:42,0
DA:44,0
DA:46,0
DA:47,0
DA:49,0
DA:51,0
DA:52,0
DA:54,0
DA:56,0
DA:57,0
DA:59,0
DA:61,0
DA:63,0
DA:65,0
DA:67,0
DA:69,0
DA:71,0
DA:73,0
DA:74,0
LF:29
LH:1
end_of_record
SF:lib\common\di\initial_bindings.dart
DA:6,0
DA:8,0
LF:2
LH:0
end_of_record
SF:lib\common\presentation\controller\kiossku_bottom_nav_bar_controller.dart
DA:6,0
DA:7,0
LF:2
LH:0
end_of_record
SF:lib\common\domain\use_case\implementation\load_image_use_case.dart
DA:6,0
DA:8,0
LF:2
LH:0
end_of_record
SF:lib\common\presentation\kiossku_bottom_nav_bar.dart
DA:10,0
DA:15,0
DA:17,0
DA:18,0
DA:19,0
DA:20,0
DA:21,0
DA:23,0
DA:24,0
DA:28,0
LF:10
LH:0
end_of_record
SF:lib\common\presentation\kiossku_header.dart
DA:5,1
DA:8,0
DA:10,0
DA:11,0
DA:12,0
LF:5
LH:1
end_of_record
SF:lib\common\utils\rupiah_formatter.dart
DA:4,0
DA:10,0
DA:11,0
LF:3
LH:0
end_of_record
SF:lib\fitur_detail_properti\data\api_client\detail_properti_api_client.dart
DA:5,0
DA:6,0
DA:9,0
DA:10,0
LF:4
LH:0
end_of_record
SF:lib\fitur_detail_properti\data\repository\detail_properti_repository.dart
DA:10,0
DA:12,0
DA:13,0
DA:14,0
DA:16,0
DA:17,0
DA:18,0
DA:19,0
DA:20,0
DA:21,0
DA:22,0
DA:23,0
DA:24,0
DA:25,0
DA:26,0
DA:27,0
DA:28,0
DA:29,0
DA:30,0
DA:31,0
DA:32,0
DA:33,0
DA:34,0
DA:35,0
DA:36,0
DA:37,0
DA:38,0
DA:39,0
DA:44,0
DA:46,0
DA:48,0
DA:51,0
DA:52,0
DA:53,0
LF:34
LH:0
end_of_record
SF:lib\fitur_detail_properti\domain\model\detail_properti.dart
DA:22,0
LF:1
LH:0
end_of_record
SF:lib\fitur_detail_properti\di\detail_properti_bindings.dart
DA:7,0
DA:9,0
DA:10,0
DA:11,0
LF:4
LH:0
end_of_record
SF:lib\fitur_detail_properti\presentation\detail_properti_controller.dart
DA:10,0
DA:19,0
DA:21,0
DA:22,0
DA:25,0
DA:26,0
DA:27,0
DA:30,0
DA:31,0
DA:34,0
DA:35,0
DA:38,0
DA:39,0
LF:13
LH:0
end_of_record
SF:lib\fitur_detail_properti\presentation\detail_properti_screen.dart
DA:11,1
DA:13,0
DA:15,0
DA:16,0
DA:17,0
DA:18,0
DA:19,0
DA:20,0
DA:21,0
DA:22,0
DA:23,0
DA:24,0
DA:25,0
DA:26,0
DA:27,0
DA:30,0
DA:35,0
DA:40,0
DA:44,0
DA:48,0
DA:53,0
DA:54,0
DA:55,0
DA:56,0
DA:57,0
DA:59,0
DA:61,0
DA:62,0
DA:70,0
LF:29
LH:1
end_of_record
SF:lib\fitur_detail_properti\presentation\ui_component\detail_properti_app_bar\detail_properti_app_bar.dart
DA:8,0
DA:13,0
DA:15,0
DA:16,0
DA:17,0
DA:19,0
DA:20,0
DA:27,0
DA:28,0
DA:32,0
DA:33,0
DA:44,0
DA:49,0
DA:50,0
LF:14
LH:0
end_of_record
SF:lib\fitur_detail_properti\presentation\ui_component\detail_properti_data\all_detail_properti_data.dart
DA:10,0
DA:15,0
DA:17,0
DA:20,0
DA:21,0
DA:22,0
DA:30,0
DA:31,0
DA:40,0
DA:42,0
DA:43,0
DA:44,0
DA:51,0
DA:52,0
DA:53,0
DA:54,0
DA:66,0
DA:70,0
DA:72,0
DA:77,0
DA:79,0
LF:21
LH:0
end_of_record
SF:lib\fitur_detail_properti\presentation\ui_component\image_slider\image_slider.dart
DA:6,0
DA:8,0
DA:10,0
DA:12,0
DA:15,0
DA:16,0
DA:18,0
DA:19,0
LF:8
LH:0
end_of_record
SF:lib\fitur_detail_properti\presentation\ui_component\detail_properti_data\kartu_luas.dart
DA:7,0
DA:9,0
DA:11,0
DA:13,0
DA:14,0
DA:18,0
DA:20,0
DA:22,0
DA:24,0
DA:25,0
DA:27,0
DA:32,0
DA:34,0
DA:39,0
DA:41,0
LF:15
LH:0
end_of_record
SF:lib\fitur_detail_properti\presentation\ui_component\detail_properti_data\properti_data_with_icon.dart
DA:7,0
DA:13,0
DA:15,0
DA:17,0
DA:18,0
DA:19,0
DA:23,0
DA:24,0
LF:8
LH:0
end_of_record
SF:lib\fitur_detail_properti\presentation\ui_component\image_slider\properti_image.dart
DA:8,0
DA:10,0
DA:12,0
DA:13,0
DA:14,0
DA:15,0
DA:16,0
DA:17,0
DA:18,0
DA:23,0
DA:24,0
DA:25,0
DA:26,0
DA:30,0
DA:31,0
DA:32,0
DA:33,0
LF:17
LH:0
end_of_record
SF:lib\fitur_home\data\api_client\home_api_client.dart
DA:7,0
DA:8,0
LF:2
LH:0
end_of_record
SF:lib\fitur_home\data\repository\home_repository.dart
DA:11,0
DA:13,0
DA:14,0
DA:15,0
DA:16,0
DA:17,0
DA:18,0
DA:19,0
DA:20,0
DA:21,0
DA:22,0
DA:23,0
DA:24,0
DA:26,0
DA:30,0
DA:32,0
DA:34,0
DA:37,0
DA:38,0
DA:39,0
LF:20
LH:0
end_of_record
SF:lib\fitur_home\domain\model\filter_data.dart
DA:12,0
LF:1
LH:0
end_of_record
SF:lib\fitur_home\domain\model\properti_preview.dart
DA:10,0
LF:1
LH:0
end_of_record
SF:lib\fitur_home\di\home_bindings.dart
DA:7,0
DA:9,0
DA:10,0
DA:11,0
LF:4
LH:0
end_of_record
SF:lib\fitur_home\presentation\home_controller.dart
DA:13,0
DA:19,0
DA:20,0
DA:21,0
DA:24,0
DA:25,0
DA:26,0
DA:30,0
DA:32,0
DA:33,0
DA:36,0
DA:37,0
LF:12
LH:0
end_of_record
SF:lib\fitur_home\presentation\home_screen.dart
DA:11,1
DA:13,0
DA:15,0
DA:16,0
DA:19,0
DA:20,0
DA:21,0
DA:22,0
DA:23,0
DA:24,0
DA:25,0
DA:26,0
DA:27,0
DA:28,0
DA:31,0
DA:32,0
DA:34,0
DA:37,0
DA:38,0
DA:39,0
DA:40,0
DA:41,0
DA:42,0
DA:44,0
DA:46,0
DA:47,0
DA:55,0
LF:27
LH:1
end_of_record
SF:lib\fitur_home\presentation\ui_component\item_properti.dart
DA:12,0
DA:17,0
DA:19,0
DA:20,0
DA:21,0
DA:23,0
DA:25,0
DA:26,0
DA:28,0
DA:30,0
DA:33,0
DA:34,0
DA:35,0
DA:36,0
DA:37,0
DA:38,0
DA:39,0
DA:42,0
DA:43,0
DA:44,0
DA:45,0
DA:49,0
DA:60,0
DA:61,0
DA:69,0
DA:70,0
DA:78,0
DA:80,0
DA:87,0
DA:88,0
DA:101,0
DA:102,0
LF:32
LH:0
end_of_record
SF:lib\fitur_login\data\api_client\login_api_client.dart
DA:5,0
DA:6,0
DA:7,0
DA:9,0
DA:11,0
DA:15,0
LF:6
LH:0
end_of_record
SF:lib\fitur_login\data\repository\login_repository.dart
DA:6,0
DA:7,0
DA:8,0
DA:9,0
DA:14,0
DA:19,0
DA:21,0
DA:22,0
DA:25,0
DA:26,0
LF:10
LH:0
end_of_record
SF:lib\fitur_login\di\login_bindings.dart
DA:6,0
DA:8,0
LF:2
LH:0
end_of_record
SF:lib\fitur_login\presentation\login_controller.dart
DA:10,0
DA:16,0
DA:18,0
DA:20,0
DA:21,0
DA:22,0
DA:23,0
DA:26,0
DA:27,0
DA:28,0
DA:29,0
DA:30,0
DA:31,0
DA:34,0
DA:35,0
DA:37,0
DA:38,0
DA:39,0
DA:46,0
DA:47,0
DA:48,0
LF:21
LH:0
end_of_record
SF:lib\fitur_login\presentation\login_page.dart
DA:8,0
DA:10,0
DA:12,0
DA:13,0
DA:14,0
DA:15,0
DA:17,0
DA:18,0
DA:20,0
DA:21,0
DA:22,0
DA:29,0
DA:30,0
DA:31,0
DA:35,0
DA:36,0
DA:37,0
DA:38,0
DA:44,0
DA:46,0
DA:48,0
DA:49,0
DA:50,0
DA:51,0
LF:24
LH:0
end_of_record
SF:lib\fitur_submit_properti\constant\api_url\daerah_url.dart
DA:5,0
DA:6,0
DA:8,0
DA:9,0
DA:11,0
DA:12,0
LF:6
LH:0
end_of_record
SF:lib\fitur_submit_properti\constant\custom_decoration.dart
DA:4,0
DA:5,0
LF:2
LH:0
end_of_record
SF:lib\fitur_submit_properti\data\api_client\daerah_api_client.dart
DA:5,0
DA:6,0
DA:8,0
DA:9,0
DA:11,0
DA:12,0
DA:14,0
DA:15,0
LF:8
LH:0
end_of_record
SF:lib\fitur_submit_properti\data\api_client\submit_properti_api_client.dart
DA:7,0
DA:8,0
LF:2
LH:0
end_of_record
SF:lib\fitur_submit_properti\data\dto\submit_properti_dto.dart
DA:29,0
DA:52,0
DA:53,0
DA:54,0
DA:55,0
DA:56,0
DA:57,0
DA:58,0
DA:59,0
DA:60,0
DA:61,0
DA:62,0
DA:63,0
DA:64,0
DA:65,0
DA:66,0
DA:67,0
DA:68,0
DA:69,0
DA:70,0
DA:71,0
DA:72,0
DA:75,0
DA:76,0
DA:77,0
DA:79,0
LF:26
LH:0
end_of_record
SF:lib\fitur_submit_properti\data\repository\daerah_repository.dart
DA:12,0
DA:14,0
DA:15,0
DA:19,0
DA:21,0
DA:22,0
DA:26,0
DA:28,0
DA:29,0
DA:33,0
DA:35,0
DA:36,0
DA:40,0
DA:42,0
DA:43,0
DA:44,0
DA:45,0
DA:46,0
DA:47,0
DA:48,0
DA:52,0
DA:53,0
DA:54,0
DA:58,0
DA:59,0
LF:25
LH:0
end_of_record
SF:lib\fitur_submit_properti\data\repository\submit_properti_repository.dart
DA:11,0
DA:13,0
DA:14,0
DA:15,0
DA:16,0
DA:17,0
DA:19,0
DA:20,0
DA:21,0
DA:25,0
DA:26,0
DA:27,0
LF:12
LH:0
end_of_record
SF:lib\fitur_submit_properti\di\finish_submit_properti_bindings.dart
DA:7,0
DA:9,0
DA:10,0
LF:3
LH:0
end_of_record
SF:lib\fitur_submit_properti\presentation\finish_submit\finish_submit_controller.dart
DA:14,0
DA:26,0
DA:28,0
DA:29,0
DA:32,0
DA:33,0
DA:36,0
DA:37,0
DA:38,0
DA:39,0
DA:40,0
DA:41,0
DA:42,0
DA:43,0
DA:44,0
DA:45,0
DA:46,0
DA:47,0
DA:48,0
DA:49,0
DA:50,0
DA:51,0
DA:52,0
DA:53,0
DA:54,0
DA:55,0
DA:56,0
DA:57,0
DA:58,0
DA:62,0
DA:64,0
LF:31
LH:0
end_of_record
SF:lib\fitur_submit_properti\di\init_submit_properti_bindings.dart
DA:13,0
DA:15,0
DA:16,0
DA:17,0
DA:18,0
DA:19,0
DA:21,0
DA:22,0
DA:23,0
DA:25,0
DA:26,0
LF:11
LH:0
end_of_record
SF:lib\fitur_submit_properti\presentation\form_2\form_2_controller.dart
DA:10,0
DA:31,0
DA:32,0
DA:33,0
DA:34,0
DA:35,0
DA:36,0
DA:37,0
DA:39,0
DA:40,0
DA:43,0
DA:45,0
DA:46,0
DA:47,0
DA:48,0
DA:49,0
DA:50,0
DA:51,0
DA:54,0
LF:19
LH:0
end_of_record
SF:lib\fitur_submit_properti\presentation\form_3\form_3_controller.dart
DA:11,0
DA:12,0
DA:13,0
DA:15,0
DA:18,0
DA:19,0
DA:20,0
DA:23,0
DA:24,0
DA:25,0
DA:27,0
DA:30,0
LF:12
LH:0
end_of_record
SF:lib\fitur_submit_properti\presentation\finish_submit\finish_submit_screen.dart
DA:11,1
DA:13,0
DA:15,0
DA:16,0
DA:17,0
DA:18,0
DA:19,0
DA:20,0
DA:21,0
DA:22,0
DA:23,0
DA:24,0
DA:25,0
DA:26,0
DA:27,0
DA:29,0
DA:32,0
DA:40,0
DA:41,0
DA:49,0
DA:50,0
DA:51,0
DA:52,0
DA:56,0
DA:57,0
DA:65,0
DA:67,0
DA:69,0
DA:81,0
DA:87,0
DA:89,0
DA:91,0
DA:92,0
DA:93,0
DA:96,0
DA:97,0
DA:99,0
DA:100,0
DA:101,0
DA:105,0
DA:116,0
DA:119,0
LF:42
LH:1
end_of_record
SF:lib\fitur_submit_properti\presentation\form_1\form_1_screen.dart
DA:13,1
DA:15,0
DA:18,0
DA:19,0
DA:20,0
DA:24,0
DA:25,0
DA:26,0
DA:29,0
DA:31,0
DA:32,0
DA:36,0
DA:37,0
DA:39,0
DA:44,0
DA:45,0
DA:47,0
DA:48,0
DA:49,0
DA:50,0
DA:58,0
DA:59,0
DA:60,0
DA:67,0
DA:68,0
DA:70,0
DA:71,0
DA:73,0
DA:74,0
DA:75,0
DA:76,0
DA:83,0
DA:84,0
DA:85,0
DA:89,0
DA:91,0
DA:93,0
DA:94,0
DA:95,0
DA:96,0
DA:97,0
DA:100,0
DA:101,0
DA:102,0
DA:105,0
DA:107,0
DA:109,0
DA:110,0
DA:111,0
DA:112,0
DA:113,0
DA:116,0
DA:117,0
DA:118,0
DA:121,0
DA:123,0
DA:125,0
DA:126,0
DA:127,0
DA:128,0
DA:129,0
DA:132,0
DA:133,0
DA:134,0
DA:137,0
DA:139,0
DA:141,0
DA:142,0
DA:143,0
DA:144,0
DA:145,0
DA:148,0
DA:149,0
DA:150,0
DA:153,0
DA:155,0
DA:156,0
DA:157,0
DA:160,0
LF:79
LH:1
end_of_record
SF:lib\fitur_submit_properti\presentation\form_1\ui_component\daerah_dropdown.dart
DA:16,0
DA:27,0
DA:29,0
DA:30,0
DA:31,0
DA:32,0
DA:35,0
DA:36,0
DA:37,0
DA:38,0
DA:39,0
DA:40,0
DA:42,0
DA:43,0
DA:44,0
DA:45,0
DA:46,0
DA:47,0
DA:49,0
DA:51,0
DA:52,0
DA:56,0
DA:57,0
DA:59,0
DA:60,0
DA:61,0
DA:63,0
DA:65,0
DA:66,0
DA:75,0
DA:85,0
LF:31
LH:0
end_of_record
SF:lib\fitur_submit_properti\presentation\form_1\ui_component\submit_properti_dropdown.dart
DA:11,0
DA:20,0
DA:22,0
DA:23,0
DA:24,0
DA:25,0
DA:27,0
DA:29,0
DA:30,0
DA:31,0
DA:32,0
DA:33,0
DA:34,0
LF:13
LH:0
end_of_record
SF:lib\fitur_submit_properti\presentation\form_1\ui_component\submit_properti_text_field.dart
DA:12,0
DA:20,0
DA:24,0
DA:26,0
DA:27,0
DA:32,0
DA:33,0
DA:34,0
DA:35,0
DA:36,0
DA:37,0
LF:11
LH:0
end_of_record
SF:lib\fitur_submit_properti\presentation\ui_component\back_next_button.dart
DA:10,0
DA:21,0
DA:23,0
DA:25,0
DA:26,0
DA:27,0
DA:28,0
DA:29,0
DA:34,0
DA:35,0
DA:36,0
DA:44,0
DA:50,0
DA:51,0
DA:52,0
DA:53,0
DA:58,0
DA:59,0
DA:60,0
DA:64,0
DA:66,0
DA:67,0
LF:22
LH:0
end_of_record
SF:lib\fitur_submit_properti\presentation\ui_component\form_header.dart
DA:8,2
DA:10,0
DA:12,0
DA:14,0
DA:15,0
DA:23,0
DA:24,0
DA:26,0
DA:27,0
DA:28,0
DA:35,0
DA:36,0
LF:12
LH:1
end_of_record
SF:lib\fitur_submit_properti\presentation\form_2\form_2_screen.dart
DA:10,1
DA:14,0
DA:16,0
DA:17,0
DA:18,0
DA:20,0
DA:21,0
DA:22,0
DA:23,0
DA:33,0
DA:34,0
DA:36,0
DA:42,0
DA:43,0
DA:45,0
DA:51,0
DA:54,0
DA:55,0
DA:56,0
DA:57,0
DA:59,0
DA:66,0
DA:67,0
DA:68,0
DA:70,0
DA:79,0
DA:80,0
DA:82,0
DA:88,0
DA:89,0
DA:91,0
DA:97,0
DA:98,0
DA:105,0
DA:106,0
DA:113,0
DA:114,0
DA:115,0
LF:38
LH:1
end_of_record
SF:lib\fitur_submit_properti\presentation\form_3\form_3_screen.dart
DA:11,1
DA:15,0
DA:17,0
DA:18,0
DA:19,0
DA:20,0
DA:21,0
DA:22,0
DA:23,0
DA:24,0
DA:25,0
DA:27,0
DA:29,0
DA:43,0
DA:44,0
DA:45,0
DA:46,0
DA:48,0
DA:49,0
DA:50,0
DA:51,0
DA:52,0
DA:58,0
DA:65,0
DA:67,0
DA:68,0
DA:69,0
LF:27
LH:1
end_of_record
SF:lib\fitur_submit_properti\presentation\form_3\ui_component\deletable_gambar.dart
DA:12,0
DA:18,0
DA:20,0
DA:21,0
DA:22,0
DA:26,0
DA:28,0
DA:29,0
DA:30,0
DA:31,0
DA:32,0
DA:33,0
DA:40,0
DA:43,0
DA:45,0
DA:46,0
DA:51,0
DA:52,0
LF:18
LH:0
end_of_record
SF:lib\fitur_submit_properti\presentation\form_3\ui_component\tambah_gambar.dart
DA:10,1
DA:13,0
DA:15,0
DA:16,0
DA:17,0
DA:18,0
DA:19,0
DA:20,0
DA:25,0
DA:28,0
DA:32,0
DA:42,0
DA:43,0
DA:47,0
LF:14
LH:1
end_of_record
SF:lib\fitur_submit_properti\presentation\sewa_jual\sewa_jual_screen.dart
DA:15,0
DA:18,0
DA:20,0
DA:21,0
DA:22,0
DA:25,0
DA:30,0
DA:31,0
DA:36,0
DA:39,0
DA:44,0
DA:47,0
LF:12
LH:0
end_of_record
SF:lib\fitur_submit_properti\presentation\sewa_jual\ui_component\sewa_jual_card.dart
DA:11,0
DA:19,0
DA:21,0
DA:22,0
DA:23,0
DA:27,0
DA:28,0
DA:29,0
DA:31,0
DA:32,0
DA:39,0
DA:42,0
DA:43,0
DA:44,0
DA:50,0
DA:56,0
DA:57,0
DA:58,0
DA:67,0
DA:69,0
DA:71,0
DA:73,0
DA:75,0
DA:76,0
DA:77,0
LF:25
LH:0
end_of_record
